<?xml version="1.0" encoding="UTF-8"?>
<testng-results ignored="0" total="2" passed="2" failed="0" skipped="0">
  <reporter-output>
  </reporter-output>
  <suite started-at="2026-04-21T11:35:43 IST" name="Default suite" finished-at="2026-04-21T11:36:08 IST" duration-ms="25013">
    <groups>
      <group name="cucumber">
        <method signature="AbstractTestNGCucumberTests.runScenario(io.cucumber.testng.PickleWrapper,io.cucumber.testng.FeatureWrapper)[pri:0, instance:runners.TestRunner@76494737]" name="runScenario" class="io.cucumber.testng.AbstractTestNGCucumberTests"/>
      </group> <!-- cucumber -->
    </groups>
    <test started-at="2026-04-21T11:35:43 IST" name="Default test" finished-at="2026-04-21T11:36:08 IST" duration-ms="25013">
      <class name="runners.TestRunner">
        <test-method is-config="true" signature="setUpClass(org.testng.ITestContext)[pri:0, instance:runners.TestRunner@76494737]" started-at="2026-04-21T11:35:43 IST" name="setUpClass" finished-at="2026-04-21T11:35:44 IST" duration-ms="917" status="PASS">
          <params>
            <param index="0">
              <value>
                <![CDATA[org.testng.TestRunner@74d7184a]]>
              </value>
            </param>
          </params>
          <reporter-output>
          </reporter-output>
        </test-method> <!-- setUpClass -->
        <test-method signature="runScenario(io.cucumber.testng.PickleWrapper,io.cucumber.testng.FeatureWrapper)[pri:0, instance:runners.TestRunner@76494737]" started-at="2026-04-21T11:35:44 IST" name="runScenario" description="Runs Cucumber Scenarios" data-provider="scenarios" finished-at="2026-04-21T11:35:51 IST" duration-ms="6624" status="PASS">
          <params>
            <param index="0">
              <value>
                <![CDATA["Complete checkout using Selenium"]]>
              </value>
            </param>
            <param index="1">
              <value>
                <![CDATA["Hybrid E-commerce Flow"]]>
              </value>
            </param>
          </params>
          <reporter-output>
          </reporter-output>
        </test-method> <!-- runScenario -->
        <test-method signature="runScenario(io.cucumber.testng.PickleWrapper,io.cucumber.testng.FeatureWrapper)[pri:0, instance:runners.TestRunner@76494737]" started-at="2026-04-21T11:35:44 IST" name="runScenario" description="Runs Cucumber Scenarios" data-provider="scenarios" finished-at="2026-04-21T11:36:08 IST" duration-ms="23977" status="PASS">
          <params>
            <param index="0">
              <value>
                <![CDATA["Complete checkout using Playwright"]]>
              </value>
            </param>
            <param index="1">
              <value>
                <![CDATA["Hybrid E-commerce Flow"]]>
              </value>
            </param>
          </params>
          <reporter-output>
          </reporter-output>
        </test-method> <!-- runScenario -->
        <test-method is-config="true" signature="tearDownClass()[pri:0, instance:runners.TestRunner@76494737]" started-at="2026-04-21T11:36:08 IST" name="tearDownClass" finished-at="2026-04-21T11:36:08 IST" duration-ms="46" status="PASS">
          <reporter-output>
          </reporter-output>
        </test-method> <!-- tearDownClass -->
      </class> <!-- runners.TestRunner -->
    </test> <!-- Default test -->
  </suite> <!-- Default suite -->
</testng-results>
